0 info it worked if it ends with ok
1 verbose cli [ 'C:\\Program Files\\nodejs\\node.exe',
1 verbose cli   'C:\\Program Files\\nodejs\\node_modules\\npm\\bin\\npm-cli.js',
1 verbose cli   'start' ]
2 info using npm@3.10.9
3 info using node@v6.9.2
4 verbose run-script [ 'prestart', 'start', 'poststart' ]
5 info lifecycle te-project@0.0.0~prestart: te-project@0.0.0
6 silly lifecycle te-project@0.0.0~prestart: no script for prestart, continuing
7 info lifecycle te-project@0.0.0~start: te-project@0.0.0
8 verbose lifecycle te-project@0.0.0~start: unsafe-perm in lifecycle true
9 verbose lifecycle te-project@0.0.0~start: PATH: C:\Program Files\nodejs\node_modules\npm\bin\node-gyp-bin;C:\Users\hong.zheng\Desktop\twilight-imperium-recorder-master\node_modules\.bin;%SystemRoot%\system32\WindowsPowerShell\v1.0\;C:\app\hong.zheng\product\11.2.0\client_1\bin;C:\app\client\hong.zheng\product\12.1.0\client_1;C:\app\client\hong.zheng\product\12.1.0\client_1\bin;C:\Program Files\ibm\gsk8\lib64;C:\Program Files\ibm\gsk8\bin;C:\Program Files\IBM Informix Client SDK\bin;C:\Program Files (x86)\VMware\VMware vSphere CLI\Perl\site\bin;C:\Program Files (x86)\VMware\VMware vSphere CLI\Perl\bin;C:\Windows\system32;C:\Windows;C:\Windows\System32\Wbem;C:\Program Files (x86)\Microsoft ASP.NET\ASP.NET Web Pages\v1.0\;C:\Program Files (x86)\Windows Kits\8.0\Windows Performance Toolkit\;C:\Program Files\Microsoft SQL Server\110\DTS\Binn\;C:\Program Files (x86)\Microsoft SQL Server\110\Tools\Binn\;C:\Program Files\Microsoft SQL Server\110\Tools\Binn\;C:\Program Files (x86)\Microsoft SQL Server\110\Tools\Binn\ManagementStudio\;C:\Program Files (x86)\Microsoft Visual Studio 10.0\Common7\IDE\PrivateAssemblies\;C:\Program Files (x86)\Microsoft SQL Server\110\DTS\Binn\;C:\Program Files (x86)\OpenSSH\bin;C:\Program Files\Microsoft\Web Platform Installer\;C:\PROGRA~2\IBM\SQLLIB\BIN;C:\PROGRA~2\IBM\SQLLIB\FUNCTION;C:\Program Files\IBM\Informix\Client-SDK\bin;C:\Program Files\IBM\GSK7_64\bin;C:\Program Files\IBM\GSK7_64\lib64;C:\Program Files (x86)\Brackets\command;%USERPROFILE%\.dnx\bin;C:\Program Files\Microsoft DNX\Dnvm\;C:\Program Files\Microsoft SQL Server\120\Tools\Binn\;C:\Windows\System32\WindowsPowerShell\v1.0\;C:\Program Files\TortoiseSVN\bin;C:\HashiCorp\Vagrant\bin;C:\Windows\System32\WindowsPowerShell\v1.0\;C:\PROGRA~1\IBM\SQLLIB\BIN;C:\PROGRA~1\IBM\SQLLIB\FUNCTION;C:\Program Files\Git\cmd;C:\Program Files\nodejs\;C:\Users\hong.zheng\.dnx\bin;C:\Program Files (x86)\Nmap;C:\Program Files\Docker Toolbox;C:\Users\hong.zheng\AppData\Roaming\npm;C:\Users\hong.zheng\AppData\Local\atom\bin
10 verbose lifecycle te-project@0.0.0~start: CWD: C:\Users\hong.zheng\Desktop\twilight-imperium-recorder-master
11 silly lifecycle te-project@0.0.0~start: Args: [ '/d /s /c', 'nodemon ./bin/www' ]
12 verbose stack Error: kill ENOSYS
12 verbose stack     at exports._errnoException (util.js:1022:11)
12 verbose stack     at process.kill (internal/process.js:172:13)
12 verbose stack     at process.listener (C:\Program Files\nodejs\node_modules\npm\node_modules\npmlog\node_modules\gauge\node_modules\signal-exit\index.js:86:15)
12 verbose stack     at emitNone (events.js:91:20)
12 verbose stack     at process.emit (events.js:185:7)
12 verbose stack     at processEmit (C:\Program Files\nodejs\node_modules\npm\node_modules\npmlog\node_modules\gauge\node_modules\signal-exit\index.js:146:32)
12 verbose stack     at processEmit (C:\Program Files\nodejs\node_modules\npm\node_modules\npm-registry-client\node_modules\npmlog\node_modules\gauge\node_modules\signal-exit\index.js:146:32)
12 verbose stack     at Signal.wrap.onsignal (internal/process.js:199:44)
13 verbose cwd C:\Users\hong.zheng\Desktop\twilight-imperium-recorder-master
14 error Windows_NT 6.1.7601
15 error argv "C:\\Program Files\\nodejs\\node.exe" "C:\\Program Files\\nodejs\\node_modules\\npm\\bin\\npm-cli.js" "start"
16 error node v6.9.2
17 error npm  v3.10.9
18 error code ENOSYS
19 error errno ENOSYS
20 error syscall kill
21 error kill ENOSYS
22 error If you need help, you may report this error at:
22 error     <https://github.com/npm/npm/issues>
23 verbose exit [ 1, true ]
